--------------------------------------------------------------------------------
Release 14.7 Trace  (lin64)
Copyright (c) 1995-2013 Xilinx, Inc.  All rights reserved.

/opt/Xilinx/14.7/ISE_DS/ISE/bin/lin64/unwrapped/trce -intstyle ise -v 3 -s 3 -n
3 -fastpaths -xml MAIN.twx MAIN.ncd -o MAIN.twr MAIN.pcf -ucf main.ucf

Design file:              MAIN.ncd
Physical constraint file: MAIN.pcf
Device,package,speed:     xc6slx9,tqg144,C,-3 (PRODUCTION 1.23 2013-10-13)
Report level:             verbose report

Environment Variable      Effect 
--------------------      ------ 
NONE                      No environment variables were set
--------------------------------------------------------------------------------

INFO:Timing:2698 - No timing constraints found, doing default enumeration.
INFO:Timing:3412 - To improve timing, see the Timing Closure User Guide (UG612).
INFO:Timing:2752 - To get complete path coverage, use the unconstrained paths 
   option. All paths that are not constrained will be reported in the 
   unconstrained paths section(s) of the report.
INFO:Timing:3339 - The clock-to-out numbers in this timing report are based on 
   a 50 Ohm transmission line loading model.  For the details of this model, 
   and for more information on accounting for different loading conditions, 
   please see the device datasheet.



Data Sheet report:
-----------------
All values displayed in nanoseconds (ns)

Pad to Pad
---------------+---------------+---------+
Source Pad     |Destination Pad|  Delay  |
---------------+---------------+---------+
BTN<2>         |LED<0>         |    8.476|
BTN<3>         |LED<1>         |    8.737|
BTN<4>         |LED<0>         |    8.739|
BTN<4>         |LED<1>         |    8.658|
BTN<5>         |LED<2>         |    7.931|
BTN<6>         |LED<0>         |    7.874|
BTN<6>         |LED<2>         |    7.642|
SW0            |LED<3>         |    6.468|
---------------+---------------+---------+


Analysis completed Fri Nov  1 14:01:54 2024 
--------------------------------------------------------------------------------

Trace Settings:
-------------------------
Trace Settings 

Peak Memory Usage: 369 MB



